<?xml version="1.0" encoding="UTF-8"?>
<!-- Generated by org.testng.reporters.JUnitReportReporter -->
<testsuite hostname="DESKTOP-EKSVNDS" failures="0" tests="1" name="project.SelectBishoy" time="67.005" errors="0" timestamp="2021-11-22T09:39:02 PST" skipped="0">
  <testcase classname="project.SelectBishoy" name="BoiBazar" time="67.005"/>
  <system-out/>
</testsuite> <!-- project.SelectBishoy -->
