<?xml version="1.0" encoding="UTF-8"?>
<!-- Generated by org.testng.reporters.JUnitReportReporter -->
<testsuite hostname="DESKTOP-EKSVNDS" failures="0" tests="1" name="project.SelectLekhok" time="51.634" errors="0" timestamp="2021-11-22T08:13:36 PST" skipped="0">
  <testcase classname="project.SelectLekhok" name="BoiBazar" time="51.634"/>
  <system-out/>
</testsuite> <!-- project.SelectLekhok -->
