<?xml version="1.0" encoding="UTF-8"?>
<!-- Generated by org.testng.reporters.JUnitReportReporter -->
<testsuite hostname="DESKTOP-EKSVNDS" failures="0" tests="1" name="project.SelectBishoy" time="19.913" errors="0" timestamp="2021-12-02T08:33:02 PST" skipped="0">
  <testcase classname="project.SelectBishoy" name="BoiBazar" time="19.913"/>
  <system-out/>
</testsuite> <!-- project.SelectBishoy -->
