<?xml version="1.0" encoding="UTF-8"?>
<!-- Generated by org.testng.reporters.JUnitReportReporter -->
<testsuite hostname="DESKTOP-EKSVNDS" failures="0" tests="1" name="project.SelectLekhok" time="32.676" errors="0" timestamp="2021-12-02T08:27:39 PST" skipped="0">
  <testcase classname="project.SelectLekhok" name="BoiBazar" time="32.676"/>
  <system-out/>
</testsuite> <!-- project.SelectLekhok -->
